{"/tmp/claude-1003/-workspaces-vbpub/cd1e805e-db51-456d-9e0a-32743b224f3b/scratchpad/probe-js/src/Badge.tsx": {"path":"/tmp/claude-1003/-workspaces-vbpub/cd1e805e-db51-456d-9e0a-32743b224f3b/scratchpad/probe-js/src/Badge.tsx","statementMap":{"0":{"start":{"line":10,"column":4},"end":{"line":13,"column":null}},"1":{"start":{"line":14,"column":2},"end":{"line":17,"column":null}},"2":{"start":{"line":22,"column":18},"end":{"line":22,"column":null}},"3":{"start":{"line":23,"column":2},"end":{"line":23,"column":null}}},"fnMap":{"0":{"name":"Badge","decl":{"start":{"line":8,"column":16},"end":{"line":8,"column":22}},"loc":{"start":{"line":8,"column":51},"end":{"line":19,"column":null}}},"1":{"name":"neverCalled","decl":{"start":{"line":21,"column":16},"end":{"line":21,"column":28}},"loc":{"start":{"line":21,"column":51},"end":{"line":24,"column":null}}}},"branchMap":{"0":{"loc":{"start":{"line":10,"column":4},"end":{"line":13,"column":null}},"type":"binary-expr","locations":[{"start":{"line":10,"column":4},"end":{"line":10,"column":null}},{"start":{"line":11,"column":5},"end":{"line":13,"column":null}}]},"1":{"loc":{"start":{"line":11,"column":5},"end":{"line":13,"column":null}},"type":"cond-expr","locations":[{"start":{"line":12,"column":8},"end":{"line":12,"column":null}},{"start":{"line":13,"column":8},"end":{"line":13,"column":null}}]}},"s":{"0":0,"1":0,"2":0,"3":0},"f":{"0":0,"1":0},"b":{"0":[0,0],"1":[0,0]}}
,"/tmp/claude-1003/-workspaces-vbpub/cd1e805e-db51-456d-9e0a-32743b224f3b/scratchpad/probe-js/src/branchy.ts": {"path":"/tmp/claude-1003/-workspaces-vbpub/cd1e805e-db51-456d-9e0a-32743b224f3b/scratchpad/probe-js/src/branchy.ts","statementMap":{"0":{"start":{"line":2,"column":2},"end":{"line":4,"column":null}},"1":{"start":{"line":3,"column":4},"end":{"line":3,"column":null}},"2":{"start":{"line":5,"column":2},"end":{"line":7,"column":null}},"3":{"start":{"line":6,"column":4},"end":{"line":6,"column":null}},"4":{"start":{"line":8,"column":16},"end":{"line":8,"column":null}},"5":{"start":{"line":9,"column":2},"end":{"line":9,"column":null}}},"fnMap":{"0":{"name":"branchy","decl":{"start":{"line":1,"column":16},"end":{"line":1,"column":24}},"loc":{"start":{"line":1,"column":43},"end":{"line":10,"column":null}}}},"branchMap":{"0":{"loc":{"start":{"line":2,"column":2},"end":{"line":4,"column":null}},"type":"if","locations":[{"start":{"line":2,"column":2},"end":{"line":4,"column":null}},{"start":{},"end":{}}]},"1":{"loc":{"start":{"line":5,"column":2},"end":{"line":7,"column":null}},"type":"if","locations":[{"start":{"line":5,"column":2},"end":{"line":7,"column":null}},{"start":{},"end":{}}]},"2":{"loc":{"start":{"line":8,"column":16},"end":{"line":8,"column":null}},"type":"cond-expr","locations":[{"start":{"line":8,"column":25},"end":{"line":8,"column":33}},{"start":{"line":8,"column":33},"end":{"line":8,"column":null}}]}},"s":{"0":1,"1":0,"2":1,"3":1,"4":0,"5":0},"f":{"0":1},"b":{"0":[0,1],"1":[1,0],"2":[0,0]}}
,"/tmp/claude-1003/-workspaces-vbpub/cd1e805e-db51-456d-9e0a-32743b224f3b/scratchpad/probe-js/src/format.ts": {"path":"/tmp/claude-1003/-workspaces-vbpub/cd1e805e-db51-456d-9e0a-32743b224f3b/scratchpad/probe-js/src/format.ts","statementMap":{"0":{"start":{"line":9,"column":2},"end":{"line":9,"column":null}},"1":{"start":{"line":9,"column":61},"end":{"line":9,"column":null}},"2":{"start":{"line":13,"column":4},"end":{"line":15,"column":null}},"3":{"start":{"line":17,"column":13},"end":{"line":17,"column":null}},"4":{"start":{"line":18,"column":2},"end":{"line":18,"column":null}},"5":{"start":{"line":18,"column":24},"end":{"line":18,"column":null}},"6":{"start":{"line":20,"column":18},"end":{"line":20,"column":null}},"7":{"start":{"line":21,"column":14},"end":{"line":21,"column":null}},"8":{"start":{"line":22,"column":14},"end":{"line":22,"column":null}},"9":{"start":{"line":24,"column":57},"end":{"line":32,"column":null}},"10":{"start":{"line":33,"column":2},"end":{"line":37,"column":null}},"11":{"start":{"line":34,"column":4},"end":{"line":36,"column":null}},"12":{"start":{"line":35,"column":6},"end":{"line":35,"column":null}},"13":{"start":{"line":38,"column":2},"end":{"line":38,"column":null}}},"fnMap":{"0":{"name":"relativeTime","decl":{"start":{"line":8,"column":16},"end":{"line":8,"column":29}},"loc":{"start":{"line":8,"column":87},"end":{"line":39,"column":null}}}},"branchMap":{"0":{"loc":{"start":{"line":9,"column":2},"end":{"line":9,"column":null}},"type":"if","locations":[{"start":{"line":9,"column":2},"end":{"line":9,"column":null}},{"start":{},"end":{}}]},"1":{"loc":{"start":{"line":9,"column":6},"end":{"line":9,"column":61}},"type":"binary-expr","locations":[{"start":{"line":9,"column":6},"end":{"line":9,"column":24}},{"start":{"line":9,"column":24},"end":{"line":9,"column":47}},{"start":{"line":9,"column":47},"end":{"line":9,"column":61}}]},"2":{"loc":{"start":{"line":13,"column":4},"end":{"line":15,"column":null}},"type":"cond-expr","locations":[{"start":{"line":14,"column":8},"end":{"line":14,"column":null}},{"start":{"line":15,"column":8},"end":{"line":15,"column":null}}]},"3":{"loc":{"start":{"line":15,"column":17},"end":{"line":15,"column":81}},"type":"cond-expr","locations":[{"start":{"line":15,"column":61},"end":{"line":15,"column":76}},{"start":{"line":15,"column":76},"end":{"line":15,"column":81}}]},"4":{"loc":{"start":{"line":15,"column":17},"end":{"line":15,"column":61}},"type":"binary-expr","locations":[{"start":{"line":15,"column":17},"end":{"line":15,"column":46}},{"start":{"line":15,"column":46},"end":{"line":15,"column":61}}]},"5":{"loc":{"start":{"line":18,"column":2},"end":{"line":18,"column":null}},"type":"if","locations":[{"start":{"line":18,"column":2},"end":{"line":18,"column":null}},{"start":{},"end":{}}]},"6":{"loc":{"start":{"line":34,"column":4},"end":{"line":36,"column":null}},"type":"if","locations":[{"start":{"line":34,"column":4},"end":{"line":36,"column":null}},{"start":{},"end":{}}]},"7":{"loc":{"start":{"line":34,"column":8},"end":{"line":34,"column":42}},"type":"binary-expr","locations":[{"start":{"line":34,"column":8},"end":{"line":34,"column":23}},{"start":{"line":34,"column":23},"end":{"line":34,"column":42}}]}},"s":{"0":1,"1":1,"2":0,"3":0,"4":0,"5":0,"6":0,"7":0,"8":0,"9":0,"10":0,"11":0,"12":0,"13":0},"f":{"0":1},"b":{"0":[1,0],"1":[1,1,1],"2":[0,0],"3":[0,0],"4":[0,0],"5":[0,0],"6":[0,0],"7":[0,0]}}
,"/tmp/claude-1003/-workspaces-vbpub/cd1e805e-db51-456d-9e0a-32743b224f3b/scratchpad/probe-js/src/hinted.ts": {"path":"/tmp/claude-1003/-workspaces-vbpub/cd1e805e-db51-456d-9e0a-32743b224f3b/scratchpad/probe-js/src/hinted.ts","statementMap":{"0":{"start":{"line":3,"column":2},"end":{"line":5,"column":null}},"1":{"start":{"line":4,"column":4},"end":{"line":4,"column":null}},"2":{"start":{"line":6,"column":2},"end":{"line":6,"column":null}}},"fnMap":{"0":{"name":"hinted","decl":{"start":{"line":1,"column":16},"end":{"line":1,"column":23}},"loc":{"start":{"line":1,"column":42},"end":{"line":7,"column":null}}}},"branchMap":{"0":{"loc":{"start":{"line":3,"column":2},"end":{"line":5,"column":null}},"type":"if","locations":[{"start":{"line":3,"column":2},"end":{"line":5,"column":null}},{"start":{},"end":{}}]}},"s":{"0":1,"1":0,"2":1},"f":{"0":1},"b":{"0":[0,1]}}
,"/tmp/claude-1003/-workspaces-vbpub/cd1e805e-db51-456d-9e0a-32743b224f3b/scratchpad/probe-js/src/orphan.ts": {"path":"/tmp/claude-1003/-workspaces-vbpub/cd1e805e-db51-456d-9e0a-32743b224f3b/scratchpad/probe-js/src/orphan.ts","statementMap":{"0":{"start":{"line":2,"column":2},"end":{"line":2,"column":null}}},"fnMap":{"0":{"name":"orphanAdd","decl":{"start":{"line":1,"column":16},"end":{"line":1,"column":26}},"loc":{"start":{"line":1,"column":56},"end":{"line":3,"column":null}}}},"branchMap":{},"s":{"0":0},"f":{"0":0},"b":{}}
,"/tmp/claude-1003/-workspaces-vbpub/cd1e805e-db51-456d-9e0a-32743b224f3b/scratchpad/probe-js/src/roles.ts": {"path":"/tmp/claude-1003/-workspaces-vbpub/cd1e805e-db51-456d-9e0a-32743b224f3b/scratchpad/probe-js/src/roles.ts","statementMap":{"0":{"start":{"line":7,"column":56},"end":{"line":11,"column":null}},"1":{"start":{"line":18,"column":2},"end":{"line":18,"column":null}},"2":{"start":{"line":18,"column":13},"end":{"line":18,"column":null}},"3":{"start":{"line":19,"column":2},"end":{"line":19,"column":null}}},"fnMap":{"0":{"name":"hasRole","decl":{"start":{"line":17,"column":16},"end":{"line":17,"column":24}},"loc":{"start":{"line":17,"column":87},"end":{"line":20,"column":null}}}},"branchMap":{"0":{"loc":{"start":{"line":18,"column":2},"end":{"line":18,"column":null}},"type":"if","locations":[{"start":{"line":18,"column":2},"end":{"line":18,"column":null}},{"start":{},"end":{}}]}},"s":{"0":1,"1":2,"2":1,"3":1},"f":{"0":2},"b":{"0":[1,1]}}
}
