{"/tmp/claude-1003/-workspaces-vbpub/cd1e805e-db51-456d-9e0a-32743b224f3b/scratchpad/probe-js/src/Badge.tsx": {"path":"/tmp/claude-1003/-workspaces-vbpub/cd1e805e-db51-456d-9e0a-32743b224f3b/scratchpad/probe-js/src/Badge.tsx","all":false,"statementMap":{"7":{"start":{"line":8,"column":0},"end":{"line":8,"column":52}},"8":{"start":{"line":9,"column":0},"end":{"line":9,"column":14}},"9":{"start":{"line":10,"column":0},"end":{"line":10,"column":12}},"10":{"start":{"line":11,"column":0},"end":{"line":11,"column":21}},"11":{"start":{"line":12,"column":0},"end":{"line":12,"column":23}},"12":{"start":{"line":13,"column":0},"end":{"line":13,"column":17}},"13":{"start":{"line":14,"column":0},"end":{"line":14,"column":10}},"14":{"start":{"line":15,"column":0},"end":{"line":15,"column":45}},"15":{"start":{"line":16,"column":0},"end":{"line":16,"column":12}},"16":{"start":{"line":17,"column":0},"end":{"line":17,"column":11}},"18":{"start":{"line":19,"column":0},"end":{"line":19,"column":1}},"20":{"start":{"line":21,"column":0},"end":{"line":21,"column":52}},"21":{"start":{"line":22,"column":0},"end":{"line":22,"column":27}},"22":{"start":{"line":23,"column":0},"end":{"line":23,"column":16}},"23":{"start":{"line":24,"column":0},"end":{"line":24,"column":1}}},"s":{"7":1,"8":0,"9":0,"10":0,"11":0,"12":0,"13":0,"14":0,"15":0,"16":0,"18":0,"20":1,"21":0,"22":0,"23":0},"branchMap":{},"b":{},"fnMap":{"0":{"name":"Badge","decl":{"start":{"line":8,"column":7},"end":{"line":19,"column":1}},"loc":{"start":{"line":8,"column":7},"end":{"line":19,"column":1}},"line":8},"1":{"name":"neverCalled","decl":{"start":{"line":21,"column":7},"end":{"line":24,"column":1}},"loc":{"start":{"line":21,"column":7},"end":{"line":24,"column":1}},"line":21}},"f":{"0":0,"1":0}}
,"/tmp/claude-1003/-workspaces-vbpub/cd1e805e-db51-456d-9e0a-32743b224f3b/scratchpad/probe-js/src/branchy.ts": {"path":"/tmp/claude-1003/-workspaces-vbpub/cd1e805e-db51-456d-9e0a-32743b224f3b/scratchpad/probe-js/src/branchy.ts","all":false,"statementMap":{"0":{"start":{"line":1,"column":0},"end":{"line":1,"column":44}},"1":{"start":{"line":2,"column":0},"end":{"line":2,"column":14}},"2":{"start":{"line":3,"column":0},"end":{"line":3,"column":21}},"3":{"start":{"line":4,"column":0},"end":{"line":4,"column":3}},"4":{"start":{"line":5,"column":0},"end":{"line":5,"column":16}},"5":{"start":{"line":6,"column":0},"end":{"line":6,"column":17}},"6":{"start":{"line":7,"column":0},"end":{"line":7,"column":3}},"7":{"start":{"line":8,"column":0},"end":{"line":8,"column":40}},"8":{"start":{"line":9,"column":0},"end":{"line":9,"column":14}},"9":{"start":{"line":10,"column":0},"end":{"line":10,"column":1}}},"s":{"0":1,"1":1,"2":0,"3":0,"4":1,"5":1,"6":1,"7":1,"8":1,"9":1},"branchMap":{"0":{"type":"branch","line":1,"loc":{"start":{"line":1,"column":7},"end":{"line":10,"column":1}},"locations":[{"start":{"line":1,"column":7},"end":{"line":10,"column":1}}]},"1":{"type":"branch","line":2,"loc":{"start":{"line":2,"column":13},"end":{"line":4,"column":3}},"locations":[{"start":{"line":2,"column":13},"end":{"line":4,"column":3}}]},"2":{"type":"branch","line":7,"loc":{"start":{"line":7,"column":2},"end":{"line":8,"column":33}},"locations":[{"start":{"line":7,"column":2},"end":{"line":8,"column":33}}]},"3":{"type":"branch","line":8,"loc":{"start":{"line":8,"column":25},"end":{"line":8,"column":40}},"locations":[{"start":{"line":8,"column":25},"end":{"line":8,"column":40}}]}},"b":{"0":[1],"1":[0],"2":[0],"3":[0]},"fnMap":{"0":{"name":"branchy","decl":{"start":{"line":1,"column":7},"end":{"line":10,"column":1}},"loc":{"start":{"line":1,"column":7},"end":{"line":10,"column":1}},"line":1}},"f":{"0":1}}
,"/tmp/claude-1003/-workspaces-vbpub/cd1e805e-db51-456d-9e0a-32743b224f3b/scratchpad/probe-js/src/format.ts": {"path":"/tmp/claude-1003/-workspaces-vbpub/cd1e805e-db51-456d-9e0a-32743b224f3b/scratchpad/probe-js/src/format.ts","all":false,"statementMap":{"7":{"start":{"line":8,"column":0},"end":{"line":8,"column":88}},"8":{"start":{"line":9,"column":0},"end":{"line":9,"column":71}},"11":{"start":{"line":12,"column":0},"end":{"line":12,"column":14}},"12":{"start":{"line":13,"column":0},"end":{"line":13,"column":25}},"13":{"start":{"line":14,"column":0},"end":{"line":14,"column":13}},"14":{"start":{"line":15,"column":0},"end":{"line":15,"column":82}},"16":{"start":{"line":17,"column":0},"end":{"line":17,"column":27}},"17":{"start":{"line":18,"column":0},"end":{"line":18,"column":34}},"19":{"start":{"line":20,"column":0},"end":{"line":20,"column":54}},"20":{"start":{"line":21,"column":0},"end":{"line":21,"column":31}},"21":{"start":{"line":22,"column":0},"end":{"line":22,"column":89}},"23":{"start":{"line":24,"column":0},"end":{"line":24,"column":58}},"24":{"start":{"line":25,"column":0},"end":{"line":25,"column":23}},"25":{"start":{"line":26,"column":0},"end":{"line":26,"column":23}},"26":{"start":{"line":27,"column":0},"end":{"line":27,"column":21}},"27":{"start":{"line":28,"column":0},"end":{"line":28,"column":19}},"28":{"start":{"line":29,"column":0},"end":{"line":29,"column":19}},"29":{"start":{"line":30,"column":0},"end":{"line":30,"column":19}},"30":{"start":{"line":31,"column":0},"end":{"line":31,"column":18}},"31":{"start":{"line":32,"column":0},"end":{"line":32,"column":3}},"32":{"start":{"line":33,"column":0},"end":{"line":33,"column":37}},"33":{"start":{"line":34,"column":0},"end":{"line":34,"column":43}},"34":{"start":{"line":35,"column":0},"end":{"line":35,"column":57}},"35":{"start":{"line":36,"column":0},"end":{"line":36,"column":5}},"36":{"start":{"line":37,"column":0},"end":{"line":37,"column":3}},"37":{"start":{"line":38,"column":0},"end":{"line":38,"column":12}},"38":{"start":{"line":39,"column":0},"end":{"line":39,"column":1}}},"s":{"7":1,"8":1,"11":0,"12":0,"13":0,"14":0,"16":1,"17":1,"19":0,"20":0,"21":0,"23":0,"24":0,"25":0,"26":0,"27":0,"28":0,"29":0,"30":0,"31":0,"32":0,"33":0,"34":0,"35":0,"36":0,"37":0,"38":0},"branchMap":{"0":{"type":"branch","line":8,"loc":{"start":{"line":8,"column":7},"end":{"line":39,"column":1}},"locations":[{"start":{"line":8,"column":7},"end":{"line":39,"column":1}}]},"1":{"type":"branch","line":9,"loc":{"start":{"line":9,"column":68},"end":{"line":14,"column":13}},"locations":[{"start":{"line":9,"column":68},"end":{"line":14,"column":13}}]},"2":{"type":"branch","line":14,"loc":{"start":{"line":14,"column":8},"end":{"line":15,"column":82}},"locations":[{"start":{"line":14,"column":8},"end":{"line":15,"column":82}}]},"3":{"type":"branch","line":18,"loc":{"start":{"line":18,"column":24},"end":{"line":39,"column":1}},"locations":[{"start":{"line":18,"column":24},"end":{"line":39,"column":1}}]}},"b":{"0":[1],"1":[0],"2":[0],"3":[0]},"fnMap":{"0":{"name":"relativeTime","decl":{"start":{"line":8,"column":7},"end":{"line":39,"column":1}},"loc":{"start":{"line":8,"column":7},"end":{"line":39,"column":1}},"line":8}},"f":{"0":1}}
,"/tmp/claude-1003/-workspaces-vbpub/cd1e805e-db51-456d-9e0a-32743b224f3b/scratchpad/probe-js/src/hinted.ts": {"path":"/tmp/claude-1003/-workspaces-vbpub/cd1e805e-db51-456d-9e0a-32743b224f3b/scratchpad/probe-js/src/hinted.ts","all":false,"statementMap":{"0":{"start":{"line":1,"column":0},"end":{"line":1,"column":43}},"2":{"start":{"line":3,"column":0},"end":{"line":3,"column":14}},"3":{"start":{"line":4,"column":0},"end":{"line":4,"column":21}},"4":{"start":{"line":5,"column":0},"end":{"line":5,"column":3}},"5":{"start":{"line":6,"column":0},"end":{"line":6,"column":13}},"6":{"start":{"line":7,"column":0},"end":{"line":7,"column":1}}},"s":{"0":1,"2":1,"3":0,"4":0,"5":1,"6":1},"branchMap":{"0":{"type":"branch","line":1,"loc":{"start":{"line":1,"column":7},"end":{"line":7,"column":1}},"locations":[{"start":{"line":1,"column":7},"end":{"line":7,"column":1}}]},"1":{"type":"branch","line":3,"loc":{"start":{"line":3,"column":13},"end":{"line":5,"column":3}},"locations":[{"start":{"line":3,"column":13},"end":{"line":5,"column":3}}]}},"b":{"0":[1],"1":[0]},"fnMap":{"0":{"name":"hinted","decl":{"start":{"line":1,"column":7},"end":{"line":7,"column":1}},"loc":{"start":{"line":1,"column":7},"end":{"line":7,"column":1}},"line":1}},"f":{"0":1}}
,"/tmp/claude-1003/-workspaces-vbpub/cd1e805e-db51-456d-9e0a-32743b224f3b/scratchpad/probe-js/src/orphan.ts": {"path":"/tmp/claude-1003/-workspaces-vbpub/cd1e805e-db51-456d-9e0a-32743b224f3b/scratchpad/probe-js/src/orphan.ts","all":true,"statementMap":{"0":{"start":{"line":1,"column":0},"end":{"line":1,"column":57}},"1":{"start":{"line":2,"column":0},"end":{"line":2,"column":14}},"2":{"start":{"line":3,"column":0},"end":{"line":3,"column":1}}},"s":{"0":0,"1":0,"2":0},"branchMap":{"0":{"type":"branch","line":1,"loc":{"start":{"line":1,"column":74},"end":{"line":3,"column":1}},"locations":[{"start":{"line":1,"column":74},"end":{"line":3,"column":1}}]}},"b":{"0":[0]},"fnMap":{"0":{"name":"(empty-report)","decl":{"start":{"line":1,"column":74},"end":{"line":3,"column":1}},"loc":{"start":{"line":1,"column":74},"end":{"line":3,"column":1}},"line":1}},"f":{"0":0}}
,"/tmp/claude-1003/-workspaces-vbpub/cd1e805e-db51-456d-9e0a-32743b224f3b/scratchpad/probe-js/src/roles.ts": {"path":"/tmp/claude-1003/-workspaces-vbpub/cd1e805e-db51-456d-9e0a-32743b224f3b/scratchpad/probe-js/src/roles.ts","all":false,"statementMap":{"6":{"start":{"line":7,"column":0},"end":{"line":7,"column":57}},"7":{"start":{"line":8,"column":0},"end":{"line":8,"column":13}},"8":{"start":{"line":9,"column":0},"end":{"line":9,"column":18}},"9":{"start":{"line":10,"column":0},"end":{"line":10,"column":11}},"10":{"start":{"line":11,"column":0},"end":{"line":11,"column":1}},"16":{"start":{"line":17,"column":0},"end":{"line":17,"column":88}},"17":{"start":{"line":18,"column":0},"end":{"line":18,"column":25}},"18":{"start":{"line":19,"column":0},"end":{"line":19,"column":56}},"19":{"start":{"line":20,"column":0},"end":{"line":20,"column":1}}},"s":{"6":1,"7":1,"8":1,"9":1,"10":1,"16":1,"17":2,"18":1,"19":1},"branchMap":{"0":{"type":"branch","line":17,"loc":{"start":{"line":17,"column":7},"end":{"line":20,"column":1}},"locations":[{"start":{"line":17,"column":7},"end":{"line":20,"column":1}}]},"1":{"type":"branch","line":18,"loc":{"start":{"line":18,"column":13},"end":{"line":20,"column":1}},"locations":[{"start":{"line":18,"column":13},"end":{"line":20,"column":1}}]}},"b":{"0":[2],"1":[1]},"fnMap":{"0":{"name":"hasRole","decl":{"start":{"line":17,"column":7},"end":{"line":20,"column":1}},"loc":{"start":{"line":17,"column":7},"end":{"line":20,"column":1}},"line":17}},"f":{"0":2}}
,"/tmp/claude-1003/-workspaces-vbpub/cd1e805e-db51-456d-9e0a-32743b224f3b/scratchpad/probe-js/src/typesonly.ts": {"path":"/tmp/claude-1003/-workspaces-vbpub/cd1e805e-db51-456d-9e0a-32743b224f3b/scratchpad/probe-js/src/typesonly.ts","all":true,"statementMap":{},"s":{},"branchMap":{"0":{"type":"branch","line":1,"loc":{"start":{"line":1,"column":133},"end":{"line":8,"column":33}},"locations":[{"start":{"line":1,"column":133},"end":{"line":8,"column":33}}]}},"b":{"0":[1]},"fnMap":{"0":{"name":"(empty-report)","decl":{"start":{"line":1,"column":133},"end":{"line":8,"column":33}},"loc":{"start":{"line":1,"column":133},"end":{"line":8,"column":33}},"line":1}},"f":{"0":1}}
}
