SF:exits.py
DA:4,1
DA:5,1
DA:6,1
DA:7,0
DA:10,1
DA:11,1
DA:12,1
LF:7
LH:6
FN:4,7,guarded
FNDA:1,guarded
FN:10,12,falls_off_the_end
FNDA:1,falls_off_the_end
FNF:2
FNH:2
BRDA:5,0,jump to line 6,1
BRDA:5,0,jump to line 7,0
BRDA:11,0,jump to line 12,1
BRDA:11,0,return from function 'falls_off_the_end',0
BRF:4
BRH:2
end_of_record
SF:test_exits.py
DA:1,1
DA:4,1
DA:5,1
DA:8,1
DA:9,1
LF:5
LH:5
FN:4,5,test_guarded
FNDA:1,test_guarded
FN:8,9,test_falls_off_the_end
FNDA:1,test_falls_off_the_end
FNF:2
FNH:2
end_of_record
